{"C:\\Users\\Public\\Documents\\finplan-api\\src\\usecases\\faturas\\get-all-faturas\\get-all-faturas-usecase.ts": {"path":"C:\\Users\\Public\\Documents\\finplan-api\\src\\usecases\\faturas\\get-all-faturas\\get-all-faturas-usecase.ts","statementMap":{"0":{"start":{"line":8,"column":33},"end":{"line":8,"column":83}},"1":{"start":{"line":13,"column":23},"end":{"line":13,"column":63}},"2":{"start":{"line":14,"column":8},"end":{"line":14,"column":null}},"3":{"start":{"line":6,"column":0},"end":{"line":6,"column":13}}},"fnMap":{"0":{"name":"(anonymous_0)","decl":{"start":{"line":8,"column":4},"end":{"line":8,"column":33}},"loc":{"start":{"line":8,"column":83},"end":{"line":10,"column":5}}},"1":{"name":"(anonymous_1)","decl":{"start":{"line":12,"column":4},"end":{"line":12,"column":9}},"loc":{"start":{"line":12,"column":46},"end":{"line":15,"column":5}}}},"branchMap":{},"s":{"0":1,"1":1,"2":1,"3":1},"f":{"0":1,"1":1},"b":{}}
,"C:\\Users\\Public\\Documents\\finplan-api\\src\\usecases\\faturas\\post-faturas\\post-faturas-usecase.ts": {"path":"C:\\Users\\Public\\Documents\\finplan-api\\src\\usecases\\faturas\\post-faturas\\post-faturas-usecase.ts","statementMap":{"0":{"start":{"line":7,"column":33},"end":{"line":7,"column":81}},"1":{"start":{"line":12,"column":23},"end":{"line":12,"column":61}},"2":{"start":{"line":13,"column":8},"end":{"line":13,"column":null}},"3":{"start":{"line":5,"column":0},"end":{"line":5,"column":13}}},"fnMap":{"0":{"name":"(anonymous_0)","decl":{"start":{"line":7,"column":4},"end":{"line":7,"column":33}},"loc":{"start":{"line":7,"column":81},"end":{"line":9,"column":5}}},"1":{"name":"(anonymous_1)","decl":{"start":{"line":11,"column":4},"end":{"line":11,"column":9}},"loc":{"start":{"line":11,"column":48},"end":{"line":14,"column":5}}}},"branchMap":{},"s":{"0":1,"1":1,"2":1,"3":1},"f":{"0":1,"1":1},"b":{}}
}
