{"C:\\Users\\marqu\\OneDrive\\Documentos\\finPlan\\finplan-api\\src\\controllers\\faturas\\post-faturas\\post-faturas-controller.ts": {"path":"C:\\Users\\marqu\\OneDrive\\Documentos\\finPlan\\finplan-api\\src\\controllers\\faturas\\post-faturas\\post-faturas-controller.ts","statementMap":{"0":{"start":{"line":1,"column":0},"end":{"line":1,"column":53}},"1":{"start":{"line":8,"column":33},"end":{"line":8,"column":69}},"2":{"start":{"line":13,"column":19},"end":{"line":13,"column":74}},"3":{"start":{"line":14,"column":4},"end":{"line":14,"column":null}},"4":{"start":{"line":6,"column":0},"end":{"line":6,"column":13}}},"fnMap":{"0":{"name":"(anonymous_0)","decl":{"start":{"line":8,"column":4},"end":{"line":8,"column":33}},"loc":{"start":{"line":8,"column":69},"end":{"line":10,"column":5}}},"1":{"name":"(anonymous_1)","decl":{"start":{"line":12,"column":3},"end":{"line":12,"column":8}},"loc":{"start":{"line":12,"column":41},"end":{"line":15,"column":4}}}},"branchMap":{},"s":{"0":1,"1":1,"2":1,"3":1,"4":1},"f":{"0":1,"1":1},"b":{}}
,"C:\\Users\\marqu\\OneDrive\\Documentos\\finPlan\\finplan-api\\src\\helpers\\errors\\server-error.ts": {"path":"C:\\Users\\marqu\\OneDrive\\Documentos\\finPlan\\finplan-api\\src\\helpers\\errors\\server-error.ts","statementMap":{"0":{"start":{"line":3,"column":6},"end":{"line":3,"column":null}},"1":{"start":{"line":4,"column":6},"end":{"line":4,"column":null}},"2":{"start":{"line":5,"column":6},"end":{"line":5,"column":null}},"3":{"start":{"line":1,"column":0},"end":{"line":1,"column":13}}},"fnMap":{"0":{"name":"(anonymous_0)","decl":{"start":{"line":2,"column":4},"end":{"line":2,"column":17}},"loc":{"start":{"line":2,"column":31},"end":{"line":6,"column":5}}}},"branchMap":{},"s":{"0":0,"1":0,"2":0,"3":1},"f":{"0":0},"b":{}}
,"C:\\Users\\marqu\\OneDrive\\Documentos\\finPlan\\finplan-api\\src\\helpers\\errors\\unauthorized-error.ts": {"path":"C:\\Users\\marqu\\OneDrive\\Documentos\\finPlan\\finplan-api\\src\\helpers\\errors\\unauthorized-error.ts","statementMap":{"0":{"start":{"line":3,"column":6},"end":{"line":3,"column":null}},"1":{"start":{"line":4,"column":6},"end":{"line":4,"column":null}},"2":{"start":{"line":1,"column":0},"end":{"line":1,"column":13}}},"fnMap":{"0":{"name":"(anonymous_0)","decl":{"start":{"line":2,"column":4},"end":{"line":2,"column":null}},"loc":{"start":{"line":2,"column":4},"end":{"line":5,"column":5}}}},"branchMap":{},"s":{"0":0,"1":0,"2":1},"f":{"0":0},"b":{}}
,"C:\\Users\\marqu\\OneDrive\\Documentos\\finPlan\\finplan-api\\src\\helpers\\http\\http-helper.ts": {"path":"C:\\Users\\marqu\\OneDrive\\Documentos\\finPlan\\finplan-api\\src\\helpers\\http\\http-helper.ts","statementMap":{"0":{"start":{"line":2,"column":0},"end":{"line":2,"column":63}},"1":{"start":{"line":3,"column":0},"end":{"line":3,"column":51}},"2":{"start":{"line":5,"column":26},"end":{"line":8,"column":2}},"3":{"start":{"line":5,"column":59},"end":{"line":8,"column":2}},"4":{"start":{"line":5,"column":13},"end":{"line":5,"column":26}},"5":{"start":{"line":9,"column":25},"end":{"line":12,"column":2}},"6":{"start":{"line":9,"column":58},"end":{"line":12,"column":2}},"7":{"start":{"line":9,"column":13},"end":{"line":9,"column":25}},"8":{"start":{"line":14,"column":28},"end":{"line":17,"column":2}},"9":{"start":{"line":14,"column":49},"end":{"line":17,"column":2}},"10":{"start":{"line":14,"column":13},"end":{"line":14,"column":28}},"11":{"start":{"line":19,"column":27},"end":{"line":22,"column":2}},"12":{"start":{"line":19,"column":60},"end":{"line":22,"column":2}},"13":{"start":{"line":19,"column":13},"end":{"line":19,"column":27}},"14":{"start":{"line":24,"column":18},"end":{"line":27,"column":2}},"15":{"start":{"line":24,"column":48},"end":{"line":27,"column":2}},"16":{"start":{"line":24,"column":13},"end":{"line":24,"column":18}},"17":{"start":{"line":29,"column":25},"end":{"line":32,"column":2}},"18":{"start":{"line":29,"column":46},"end":{"line":32,"column":2}},"19":{"start":{"line":29,"column":13},"end":{"line":29,"column":25}}},"fnMap":{"0":{"name":"(anonymous_0)","decl":{"start":{"line":5,"column":26},"end":{"line":5,"column":27}},"loc":{"start":{"line":5,"column":59},"end":{"line":8,"column":2}}},"1":{"name":"(anonymous_1)","decl":{"start":{"line":9,"column":25},"end":{"line":9,"column":26}},"loc":{"start":{"line":9,"column":58},"end":{"line":12,"column":2}}},"2":{"name":"(anonymous_2)","decl":{"start":{"line":14,"column":28},"end":{"line":14,"column":45}},"loc":{"start":{"line":14,"column":49},"end":{"line":17,"column":2}}},"3":{"name":"(anonymous_3)","decl":{"start":{"line":19,"column":27},"end":{"line":19,"column":28}},"loc":{"start":{"line":19,"column":60},"end":{"line":22,"column":2}}},"4":{"name":"(anonymous_4)","decl":{"start":{"line":24,"column":18},"end":{"line":24,"column":19}},"loc":{"start":{"line":24,"column":48},"end":{"line":27,"column":2}}},"5":{"name":"(anonymous_5)","decl":{"start":{"line":29,"column":25},"end":{"line":29,"column":42}},"loc":{"start":{"line":29,"column":46},"end":{"line":32,"column":2}}}},"branchMap":{},"s":{"0":1,"1":1,"2":1,"3":0,"4":1,"5":1,"6":0,"7":1,"8":1,"9":0,"10":1,"11":1,"12":0,"13":1,"14":1,"15":2,"16":1,"17":1,"18":0,"19":1},"f":{"0":0,"1":0,"2":0,"3":0,"4":2,"5":0},"b":{}}
,"C:\\Users\\marqu\\OneDrive\\Documentos\\finPlan\\finplan-api\\src\\usecases\\faturas\\get-all-faturas\\get-all-faturas-usecase.ts": {"path":"C:\\Users\\marqu\\OneDrive\\Documentos\\finPlan\\finplan-api\\src\\usecases\\faturas\\get-all-faturas\\get-all-faturas-usecase.ts","statementMap":{"0":{"start":{"line":8,"column":33},"end":{"line":8,"column":83}},"1":{"start":{"line":13,"column":23},"end":{"line":13,"column":63}},"2":{"start":{"line":14,"column":8},"end":{"line":14,"column":null}},"3":{"start":{"line":6,"column":0},"end":{"line":6,"column":13}}},"fnMap":{"0":{"name":"(anonymous_0)","decl":{"start":{"line":8,"column":4},"end":{"line":8,"column":33}},"loc":{"start":{"line":8,"column":83},"end":{"line":10,"column":5}}},"1":{"name":"(anonymous_1)","decl":{"start":{"line":12,"column":4},"end":{"line":12,"column":9}},"loc":{"start":{"line":12,"column":46},"end":{"line":15,"column":5}}}},"branchMap":{},"s":{"0":1,"1":1,"2":1,"3":1},"f":{"0":1,"1":1},"b":{}}
,"C:\\Users\\marqu\\OneDrive\\Documentos\\finPlan\\finplan-api\\src\\usecases\\faturas\\post-faturas\\post-faturas-usecase.ts": {"path":"C:\\Users\\marqu\\OneDrive\\Documentos\\finPlan\\finplan-api\\src\\usecases\\faturas\\post-faturas\\post-faturas-usecase.ts","statementMap":{"0":{"start":{"line":7,"column":33},"end":{"line":7,"column":81}},"1":{"start":{"line":12,"column":23},"end":{"line":12,"column":63}},"2":{"start":{"line":13,"column":8},"end":{"line":13,"column":null}},"3":{"start":{"line":5,"column":0},"end":{"line":5,"column":13}}},"fnMap":{"0":{"name":"(anonymous_0)","decl":{"start":{"line":7,"column":4},"end":{"line":7,"column":33}},"loc":{"start":{"line":7,"column":81},"end":{"line":9,"column":5}}},"1":{"name":"(anonymous_1)","decl":{"start":{"line":11,"column":4},"end":{"line":11,"column":9}},"loc":{"start":{"line":11,"column":48},"end":{"line":14,"column":5}}}},"branchMap":{},"s":{"0":2,"1":2,"2":2,"3":2},"f":{"0":2,"1":2},"b":{}}
}
